<?xml version="1.0" encoding="UTF-8"?>
<!-- Generated by org.testng.reporters.JUnitXMLReporter -->
<testsuite ignored="0" hostname="Riya-Sharma" failures="1" tests="3" name="Test-2" time="112.775" errors="0" timestamp="2025-01-08T13:17:32 IST">
  <testcase classname="tests.LanguageCheck" name="verifyLanguageIsSpanish" time="1.947">
    <failure type="org.openqa.selenium.StaleElementReferenceException" message="Element does not exist in cache
For documentation on this error, please visit: https://selenium.dev/exceptions/#stale_element_reference
Build info: version: &amp;apos;4.0.0&amp;apos;, revision: &amp;apos;3a21814679&amp;apos;
System info: host: &amp;apos;RIYA-SHARMA&amp;apos;, ip: &amp;apos;192.168.1.16&amp;apos;, os.name: &amp;apos;Windows 11&amp;apos;, os.arch: &amp;apos;amd64&amp;apos;, os.version: &amp;apos;10.0&amp;apos;, java.version: &amp;apos;21.0.5&amp;apos;
Driver info: org.openqa.selenium.chrome.ChromeDriver
Command: [004d780b10c16df38bcad272e11c977ac911fd85, getElementDomAttribute {id=5000, name=lang}]
Capabilities {automationName: XCUITest, bootstrapPath: /usr/local/.browserstack/co..., browserName: , browserVersion: null, browserstack.isTargetBased: true, bundleId: browserstack.chromium.p.109..., databaseEnabled: false, deviceName: iPhone 13, deviceOrientation: PORTRAIT, javascriptEnabled: true, keychainPassword: [REDACTED VALUE], keychainPath: [REDACTED VALUE], locationContextEnabled: false, networkConnectionEnabled: false, newCommandTimeout: 0, noReset: true, optimalHubUrl: hub-aps.browserstack.com, orientation: PORTRAIT, platform: MAC, platformName: MAC, realMobile: true, takesScreenshot: true, udid: 00008110-001435823488401E, useXctestrunFile: true, webStorageEnabled: false}
Element: [[ChromeDriver:  on MAC (004d780b10c16df38bcad272e11c977ac911fd85)] -&amp;gt; tag name: html]
Session ID: 004d780b10c16df38bcad272e11c977ac911fd85">
      <![CDATA[org.openqa.selenium.StaleElementReferenceException: Element does not exist in cache
For documentation on this error, please visit: https://selenium.dev/exceptions/#stale_element_reference
Build info: version: '4.0.0', revision: '3a21814679'
System info: host: 'RIYA-SHARMA', ip: '192.168.1.16', os.name: 'Windows 11', os.arch: 'amd64', os.version: '10.0', java.version: '21.0.5'
Driver info: org.openqa.selenium.chrome.ChromeDriver
Command: [004d780b10c16df38bcad272e11c977ac911fd85, getElementDomAttribute {id=5000, name=lang}]
Capabilities {automationName: XCUITest, bootstrapPath: /usr/local/.browserstack/co..., browserName: , browserVersion: null, browserstack.isTargetBased: true, bundleId: browserstack.chromium.p.109..., databaseEnabled: false, deviceName: iPhone 13, deviceOrientation: PORTRAIT, javascriptEnabled: true, keychainPassword: [REDACTED VALUE], keychainPath: [REDACTED VALUE], locationContextEnabled: false, networkConnectionEnabled: false, newCommandTimeout: 0, noReset: true, optimalHubUrl: hub-aps.browserstack.com, orientation: PORTRAIT, platform: MAC, platformName: MAC, realMobile: true, takesScreenshot: true, udid: 00008110-001435823488401E, useXctestrunFile: true, webStorageEnabled: false}
Element: [[ChromeDriver:  on MAC (004d780b10c16df38bcad272e11c977ac911fd85)] -> tag name: html]
Session ID: 004d780b10c16df38bcad272e11c977ac911fd85
at org.openqa.selenium.remote.codec.w3c.W3CHttpResponseCodec.createException(W3CHttpResponseCodec.java:200)
at org.openqa.selenium.remote.codec.w3c.W3CHttpResponseCodec.decode(W3CHttpResponseCodec.java:133)
at org.openqa.selenium.remote.codec.w3c.W3CHttpResponseCodec.decode(W3CHttpResponseCodec.java:53)
at org.openqa.selenium.remote.HttpCommandExecutor.execute(HttpCommandExecutor.java:184)
at org.openqa.selenium.remote.RemoteWebDriver.execute(RemoteWebDriver.java:559)
at org.openqa.selenium.remote.RemoteWebElement.execute(RemoteWebElement.java:251)
at org.openqa.selenium.remote.RemoteWebElement.getDomAttribute(RemoteWebElement.java:145)
at pageObjects.HomePage.getLanguageAttribute(HomePage.java:24)
at tests.LanguageCheck.verifyLanguageIsSpanish(LanguageCheck.java:14)
at java.base/java.util.ArrayList.forEach(ArrayList.java:1596)
at java.base/java.util.concurrent.FutureTask.run(FutureTask.java:317)
at java.base/java.util.concurrent.ThreadPoolExecutor.runWorker(ThreadPoolExecutor.java:1144)
at java.base/java.util.concurrent.ThreadPoolExecutor$Worker.run(ThreadPoolExecutor.java:642)
at java.base/java.lang.Thread.run(Thread.java:1583)
... Removed 19 stack frames]]>
    </failure>
  </testcase> <!-- verifyLanguageIsSpanish -->
  <testcase classname="tests.ScrapingOpinionTest" name="scrapeArticles" time="22.897"/>
  <testcase classname="tests.TranslateAndAnalyze" name="scrapeAndAnalyzeArticles" time="16.131"/>
</testsuite> <!-- Test-2 -->
